<?xml version="1.0" encoding="UTF-8"?>
<testsuite xmlns:xsi="http://www.w3.org/2001/XMLSchema-instance" xsi:noNamespaceSchemaLocation="https://maven.apache.org/surefire/maven-surefire-plugin/xsd/surefire-test-report-3.0.xsd" version="3.0" name="com.example.traffic.TrafficLightIntegrationTest" time="2.214" tests="1" errors="0" skipped="0" failures="0">
  <properties>
[...]
</properties>
  <testcase name="fullFlowTest" classname="com.example.traffic.TrafficLightIntegrationTest" time="0.509">
    <system-out><![CDATA[19:24:56.374 [main] INFO org.springframework.test.context.support.AnnotationConfigContextLoaderUtils -- Could not detect default configuration classes for test class [com.example.traffic.TrafficLightIntegrationTest]: TrafficLightIntegrationTest does not declare any static, non-private, non-final, nested classes annotated with @Configuration.
19:24:56.494 [main] INFO org.springframework.boot.test.context.SpringBootTestContextBootstrapper -- Found @SpringBootConfiguration com.example.traffic.TrafficLightControllerApplication for test class com.example.traffic.TrafficLightIntegrationTest

  .   ____          _            __ _ _
 /\\ / ___'_ __ _ _(_)_ __  __ _ \ \ \ \
( ( )\___ | '_ | '_| | '_ \/ _` | \ \ \ \
 \\/  ___)| |_)| | | | | || (_| |  ) ) ) )
  '  |____| .__|_| |_|_| |_\__, | / / / /
 =========|_|==============|___/=/_/_/_/
 :: Spring Boot ::                (v3.2.5)

2026-03-03T19:24:56.813+05:30  INFO 12156 --- [           main] c.e.traffic.TrafficLightIntegrationTest  : Starting TrafficLightIntegrationTest using Java 25.0.2 with PID 12156 (started by Lenovo in C:\WorkSpace\traffic-light-controller-final)
2026-03-03T19:24:56.814+05:30  INFO 12156 --- [           main] c.e.traffic.TrafficLightIntegrationTest  : No active profile set, falling back to 1 default profile: "default"
2026-03-03T19:24:57.936+05:30  INFO 12156 --- [           main] o.s.b.t.m.w.SpringBootMockServletContext : Initializing Spring TestDispatcherServlet ''
2026-03-03T19:24:57.937+05:30  INFO 12156 --- [           main] o.s.t.web.servlet.TestDispatcherServlet  : Initializing Servlet ''
2026-03-03T19:24:57.938+05:30  INFO 12156 --- [           main] o.s.t.web.servlet.TestDispatcherServlet  : Completed initialization in 0 ms
2026-03-03T19:24:57.954+05:30  INFO 12156 --- [           main] c.e.traffic.TrafficLightIntegrationTest  : Started TrafficLightIntegrationTest in 1.351 seconds (process running for 2.151)
]]></system-out>
    <system-err><![CDATA[WARNING: A Java agent has been loaded dynamically (C:\Users\Lenovo\.m2\repository\net\bytebuddy\byte-buddy-agent\1.14.13\byte-buddy-agent-1.14.13.jar)
WARNING: If a serviceability tool is in use, please run with -XX:+EnableDynamicAgentLoading to hide this warning
WARNING: If a serviceability tool is not in use, please run with -Djdk.instrument.traceUsage for more information
WARNING: Dynamic loading of agents will be disallowed by default in a future release
]]></system-err>
  </testcase>
</testsuite>